This is pdfTeX, Version 3.1415926-2.4-1.40.13 (MiKTeX 2.9 64-bit) (preloaded format=pdflatex 2013.10.13)  5 JUL 2014 16:16
entering extended mode
**latex.tex

(C:\Users\berkay\Desktop\SHORTCUTS\GitHub\RTutorials_ITU\tutorial\latexExamples
\addingRCodeAndPlotsToTexFile\latex.tex
LaTeX2e <2011/06/27>
Babel <v3.8m> and hyphenation patterns for english, afrikaans, ancientgreek, ar
abic, armenian, assamese, basque, bengali, bokmal, bulgarian, catalan, coptic, 
croatian, czech, danish, dutch, esperanto, estonian, farsi, finnish, french, ga
lician, german, german-x-2012-05-30, greek, gujarati, hindi, hungarian, iceland
ic, indonesian, interlingua, irish, italian, kannada, kurmanji, latin, latvian,
 lithuanian, malayalam, marathi, mongolian, mongolianlmc, monogreek, ngerman, n
german-x-2012-05-30, nynorsk, oriya, panjabi, pinyin, polish, portuguese, roman
ian, russian, sanskrit, serbian, slovak, slovenian, spanish, swedish, swissgerm
an, tamil, telugu, turkish, turkmen, ukenglish, ukrainian, uppersorbian, usengl
ishmax, welsh, loaded.
("C:\Program Files\MiKTeX 2.9\tex\latex\base\article.cls"
Document Class: article 2007/10/19 v1.4h Standard LaTeX document class
("C:\Program Files\MiKTeX 2.9\tex\latex\base\size10.clo"
File: size10.clo 2007/10/19 v1.4h Standard LaTeX file (size option)
)
\c@part=\count79
\c@section=\count80
\c@subsection=\count81
\c@subsubsection=\count82
\c@paragraph=\count83
\c@subparagraph=\count84
\c@figure=\count85
\c@table=\count86
\abovecaptionskip=\skip41
\belowcaptionskip=\skip42
\bibindent=\dimen102
)
("C:\Program Files\MiKTeX 2.9\tex\latex\graphics\graphicx.sty"
Package: graphicx 1999/02/16 v1.0f Enhanced LaTeX Graphics (DPC,SPQR)

("C:\Program Files\MiKTeX 2.9\tex\latex\graphics\keyval.sty"
Package: keyval 1999/03/16 v1.13 key=value parser (DPC)
\KV@toks@=\toks14
)
("C:\Program Files\MiKTeX 2.9\tex\latex\graphics\graphics.sty"
Package: graphics 2009/02/05 v1.0o Standard LaTeX Graphics (DPC,SPQR)

("C:\Program Files\MiKTeX 2.9\tex\latex\graphics\trig.sty"
Package: trig 1999/03/16 v1.09 sin cos tan (DPC)
)
("C:\Program Files\MiKTeX 2.9\tex\latex\00miktex\graphics.cfg"
File: graphics.cfg 2007/01/18 v1.5 graphics configuration of teTeX/TeXLive
)
Package graphics Info: Driver file: pdftex.def on input line 91.

("C:\Program Files\MiKTeX 2.9\tex\latex\pdftex-def\pdftex.def"
File: pdftex.def 2011/05/27 v0.06d Graphics/color for pdfTeX

("C:\Program Files\MiKTeX 2.9\tex\generic\oberdiek\infwarerr.sty"
Package: infwarerr 2010/04/08 v1.3 Providing info/warning/error messages (HO)
)
("C:\Program Files\MiKTeX 2.9\tex\generic\oberdiek\ltxcmds.sty"
Package: ltxcmds 2011/11/09 v1.22 LaTeX kernel commands for general use (HO)
)
\Gread@gobject=\count87
))
\Gin@req@height=\dimen103
\Gin@req@width=\dimen104
)
("C:\Program Files\MiKTeX 2.9\tex\latex\graphics\color.sty"
Package: color 2005/11/14 v1.0j Standard LaTeX Color (DPC)

("C:\Program Files\MiKTeX 2.9\tex\latex\00miktex\color.cfg"
File: color.cfg 2007/01/18 v1.5 color configuration of teTeX/TeXLive
)
Package color Info: Driver file: pdftex.def on input line 130.
)
(C:\Users\berkay\Desktop\SHORTCUTS\GitHub\RTutorials_ITU\tutorial\latexExamples
\addingRCodeAndPlotsToTexFile\framed.sty
Package: framed 2011/10/22 v 0.96: framed or shaded text with page breaks
\OuterFrameSep=\skip43
\fb@frw=\dimen105
\fb@frh=\dimen106
\FrameRule=\dimen107
\FrameSep=\dimen108
)
("C:\Program Files\MiKTeX 2.9\tex\latex\base\alltt.sty"
Package: alltt 1997/06/16 v2.0g defines alltt environment
)
("C:\Program Files\MiKTeX 2.9\tex\latex\upquote\upquote.sty"
Package: upquote 2012/04/19 v1.3 upright-quote and grave-accent glyphs in verba
tim
)
(C:\Users\berkay\Desktop\SHORTCUTS\GitHub\RTutorials_ITU\tutorial\latexExamples
\addingRCodeAndPlotsToTexFile\latex.aux)
LaTeX Font Info:    Checking defaults for OML/cmm/m/it on input line 62.
LaTeX Font Info:    ... okay on input line 62.
LaTeX Font Info:    Checking defaults for T1/cmr/m/n on input line 62.
LaTeX Font Info:    ... okay on input line 62.
LaTeX Font Info:    Checking defaults for OT1/cmr/m/n on input line 62.
LaTeX Font Info:    ... okay on input line 62.
LaTeX Font Info:    Checking defaults for OMS/cmsy/m/n on input line 62.
LaTeX Font Info:    ... okay on input line 62.
LaTeX Font Info:    Checking defaults for OMX/cmex/m/n on input line 62.
LaTeX Font Info:    ... okay on input line 62.
LaTeX Font Info:    Checking defaults for U/cmr/m/n on input line 62.
LaTeX Font Info:    ... okay on input line 62.

("C:\Program Files\MiKTeX 2.9\tex\context\base\supp-pdf.mkii"
[Loading MPS to PDF converter (version 2006.09.02).]
\scratchcounter=\count88
\scratchdimen=\dimen109
\scratchbox=\box26
\nofMPsegments=\count89
\nofMParguments=\count90
\everyMPshowfont=\toks15
\MPscratchCnt=\count91
\MPscratchDim=\dimen110
\MPnumerator=\count92
\makeMPintoPDFobject=\count93
\everyMPtoPDFconversion=\toks16
)
LaTeX Font Info:    External font `cmex10' loaded for size
(Font)              <12> on input line 63.
LaTeX Font Info:    External font `cmex10' loaded for size
(Font)              <8> on input line 63.
LaTeX Font Info:    External font `cmex10' loaded for size
(Font)              <6> on input line 63.

(C:\Users\berkay\Desktop\SHORTCUTS\GitHub\RTutorials_ITU\tutorial\latexExamples
\addingRCodeAndPlotsToTexFile\latex.toc
LaTeX Font Info:    External font `cmex10' loaded for size
(Font)              <7> on input line 3.
LaTeX Font Info:    External font `cmex10' loaded for size
(Font)              <5> on input line 3.
)
\tf@toc=\write3
Package color Info: Redefining color shadecolor on input line 79.
LaTeX Font Info:    Font shape `OT1/cmtt/bx/n' in size <10> not available
(Font)              Font shape `OT1/cmtt/m/n' tried instead on input line 82.

Overfull \hbox (6.74693pt too wide) in paragraph at lines 100--100
[]\OT1/cmtt/m/n/10 ##   carat       cut color clarity depth table price    x   
 y    z[] 
 []


Overfull \hbox (6.74693pt too wide) in paragraph at lines 100--100
[]\OT1/cmtt/m/n/10 ## 1  0.23     Ideal     E     SI2  61.5    55   326 3.95 3.
98 2.43[] 
 []


Overfull \hbox (6.74693pt too wide) in paragraph at lines 100--100
[]\OT1/cmtt/m/n/10 ## 2  0.21   Premium     E     SI1  59.8    61   326 3.89 3.
84 2.31[] 
 []


Overfull \hbox (6.74693pt too wide) in paragraph at lines 100--100
[]\OT1/cmtt/m/n/10 ## 3  0.23      Good     E     VS1  56.9    65   327 4.05 4.
07 2.31[] 
 []


Overfull \hbox (6.74693pt too wide) in paragraph at lines 100--100
[]\OT1/cmtt/m/n/10 ## 4  0.29   Premium     I     VS2  62.4    58   334 4.20 4.
23 2.63[] 
 []


Overfull \hbox (6.74693pt too wide) in paragraph at lines 100--100
[]\OT1/cmtt/m/n/10 ## 5  0.31      Good     J     SI2  63.3    58   335 4.34 4.
35 2.75[] 
 []


Overfull \hbox (6.74693pt too wide) in paragraph at lines 100--100
[]\OT1/cmtt/m/n/10 ## 6  0.24 Very Good     J    VVS2  62.8    57   336 3.94 3.
96 2.48[] 
 []

[1

{C:/ProgramData/MiKTeX/2.9/pdftex/config/pdftex.map}]
Package color Info: Redefining color shadecolor on input line 129.

Overfull \hbox (169.49551pt too wide) in paragraph at lines 131--131
[][]\OT1/cmtt/m/n/10 ggplot[][]([][]data[][]=diamonds,[] []aes[][]([][]x[][]=ca
rat,[] []y[][]=price,[] []color[][]=color))[][]+[] []geom_point[][]()[] []+[] [
]geom_smooth[][]([][]method[][]=[][]"lm"[][])[][] 
 []


LaTeX Warning: No positions in optional float specifier.
               Default added (so using `tbp') on input line 133.

<figure/diamonds-plot.pdf, id=13, 505.89pt x 505.89pt>
File: figure/diamonds-plot.pdf Graphic file (type pdf)

<use figure/diamonds-plot.pdf>
Package pdftex.def Info: figure/diamonds-plot.pdf used on input line 135.
(pdftex.def)             Requested size: 327.74895pt x 327.75162pt.
Package color Info: Redefining color shadecolor on input line 143.

Overfull \hbox (116.99597pt too wide) in paragraph at lines 145--145
[][]\OT1/cmtt/m/n/10 ggplot[][]([][]data[][]=diamonds,[] []aes[][]([][]x[][]=ca
rat,[][]y[][]=price,[] []color[][]=color))[] []+[] []geom_point[][]()[] []+[] [
]xlab[][]([][]"carats"[][])[][] 
 []


LaTeX Warning: No positions in optional float specifier.
               Default added (so using `tbp') on input line 147.

<figure/diamonds-plot2.pdf, id=14, 505.89pt x 505.89pt>
File: figure/diamonds-plot2.pdf Graphic file (type pdf)

<use figure/diamonds-plot2.pdf>
Package pdftex.def Info: figure/diamonds-plot2.pdf used on input line 149.
(pdftex.def)             Requested size: 327.74895pt x 327.75162pt.
 [2] [3 <C:/Users/berkay/Desktop/SHORTCUTS/GitHub/RTutorials_ITU/tutorial/latex
Examples/addingRCodeAndPlotsToTexFile/figure/diamonds-plot.pdf>] [4 <C:/Users/b
erkay/Desktop/SHORTCUTS/GitHub/RTutorials_ITU/tutorial/latexExamples/addingRCod
eAndPlotsToTexFile/figure/diamonds-plot2.pdf>]
(C:\Users\berkay\Desktop\SHORTCUTS\GitHub\RTutorials_ITU\tutorial\latexExamples
\addingRCodeAndPlotsToTexFile\latex.aux) ) 
Here is how much of TeX's memory you used:
 1295 strings out of 493921
 18072 string characters out of 3147278
 74171 words of memory out of 3000000
 4607 multiletter control sequences out of 15000+200000
 8577 words of font info for 31 fonts, out of 3000000 for 9000
 841 hyphenation exceptions out of 8191
 27i,6n,19p,303b,245s stack positions out of 5000i,500n,10000p,200000b,50000s
<C:/Program Files/MiKTeX 2.9/fonts/ty
pe1/public/amsfonts/cm/cmbx10.pfb><C:/Program Files/MiKTeX 2.9/fonts/type1/publ
ic/amsfonts/cm/cmbx12.pfb><C:/Program Files/MiKTeX 2.9/fonts/type1/public/amsfo
nts/cm/cmitt10.pfb><C:/Program Files/MiKTeX 2.9/fonts/type1/public/amsfonts/cm/
cmr10.pfb><C:/Program Files/MiKTeX 2.9/fonts/type1/public/amsfonts/cm/cmr12.pfb
><C:/Program Files/MiKTeX 2.9/fonts/type1/public/amsfonts/cm/cmr17.pfb><C:/Prog
ram Files/MiKTeX 2.9/fonts/type1/public/amsfonts/cm/cmti10.pfb><C:/Program File
s/MiKTeX 2.9/fonts/type1/public/amsfonts/cm/cmtt10.pfb>
Output written on latex.pdf (4 pages, 3268592 bytes).
PDF statistics:
 64 PDF objects out of 1000 (max. 8388607)
 0 named destinations out of 1000 (max. 500000)
 11 words of extra memory for PDF output out of 10000 (max. 10000000)

